1431,Microsoft-Windows-AppXDeploymentServer%4Operational.evtx,DESKTOP-M3M6D5D,08/05/2017 05:53:22 PM,5,Microsoft-Windows-AppXDeployment-Server,761,/Windows/System32/winevt/Logs/Microsoft-Windows-AppXDeploymentServer%4Operational.evtx
4147,Microsoft-Windows-AppXDeploymentServer%4Operational.evtx,DESKTOP-M3M6D5D,08/05/2017 06:21:49 PM,4,Microsoft-Windows-AppXDeployment-Server,603,/Windows/System32/winevt/Logs/Microsoft-Windows-AppXDeploymentServer%4Operational.evtx
106,Microsoft-Windows-AppLocker%4MSI and Script.evtx,DESKTOP-M3M6D5D,08/05/2017 05:58:25 PM,3,Microsoft-Windows-AppLocker,8009,/Windows/System32/winevt/Logs/Microsoft-Windows-AppLocker%4MSI and Script.evtx
839,Microsoft-Windows-AppXDeploymentServer%4Operational.evtx,DESKTOP-M3M6D5D,08/05/2017 06:33:24 PM,5,Microsoft-Windows-AppXDeployment-Server,8101,/Windows/System32/winevt/Logs/Microsoft-Windows-AppXDeploymentServer%4Operational.evtx
294,Microsoft-Windows-AppxPackaging%4Operational.evtx,DESKTOP-M3M6D5D,08/05/2017 06:00:46 PM,3,Microsoft-Windows-AppxPackagingOM,216,/Windows/System32/winevt/Logs/Microsoft-Windows-AppxPackaging%4Operational.evtx
1966,Microsoft-Windows-Store%4Operational.evtx,DESKTOP-M3M6D5D,08/05/2017 06:16:14 PM,4,Microsoft-Windows-Install-Agent,2002,/Windows/System32/winevt/Logs/Microsoft-Windows-Store%4Operational.evtx
6104,Microsoft-Windows-Store%4Operational.evtx,DESKTOP-M3M6D5D,08/05/2017 07:11:08 PM,5,Microsoft-Windows-Store,8011,/Windows/System32/winevt/Logs/Microsoft-Windows-Store%4Operational.evtx
88,Microsoft-Windows-DeviceSetupManager%4Admin.evtx,DESKTOP-M3M6D5D,08/05/2017 05:56:12 PM,4,Microsoft-Windows-DeviceSetupManager,112,/Windows/System32/winevt/Logs/Microsoft-Windows-DeviceSetupManager%4Admin.evtx
1353,Microsoft-Windows-AppXDeploymentServer%4Operational.evtx,DESKTOP-M3M6D5D,08/05/2017 05:53:16 PM,5,Microsoft-Windows-AppXDeployment-Server,541,/Windows/System32/winevt/Logs/Microsoft-Windows-AppXDeploymentServer%4Operational.evtx
231,Microsoft-Windows-CloudStore%4Operational.evtx,DESKTOP-M3M6D5D,08/05/2017 05:54:00 PM,4,Microsoft-Windows-CloudStore,2003,/Windows/System32/winevt/Logs/Microsoft-Windows-CloudStore%4Operational.evtx
327,Microsoft-Windows-Shell-Core%4Operational.evtx,DESKTOP-M3M6D5D,08/05/2017 05:57:21 PM,4,Microsoft-Windows-Shell-Core,62144,/Windows/System32/winevt/Logs/Microsoft-Windows-Shell-Core%4Operational.evtx
6261,Microsoft-Windows-Store%4Operational.evtx,DESKTOP-M3M6D5D,08/05/2017 07:11:45 PM,5,Microsoft-Windows-Install-Agent,2001,/Windows/System32/winevt/Logs/Microsoft-Windows-Store%4Operational.evtx
3878,Microsoft-Windows-Store%4Operational.evtx,DESKTOP-M3M6D5D,08/05/2017 06:24:20 PM,5,Microsoft-Windows-Store,8011,/Windows/System32/winevt/Logs/Microsoft-Windows-Store%4Operational.evtx
3699,Microsoft-Windows-AppXDeploymentServer%4Operational.evtx,DESKTOP-M3M6D5D,08/05/2017 06:16:02 PM,4,Microsoft-Windows-AppXDeployment-Server,400,/Windows/System32/winevt/Logs/Microsoft-Windows-AppXDeploymentServer%4Operational.evtx
4279,Microsoft-Windows-AppXDeploymentServer%4Operational.evtx,DESKTOP-M3M6D5D,08/05/2017 06:22:43 PM,5,Microsoft-Windows-AppXDeployment-Server,10002,/Windows/System32/winevt/Logs/Microsoft-Windows-AppXDeploymentServer%4Operational.evtx
23,Microsoft-Windows-WMI-Activity%4Operational.evtx,DESKTOP-M3M6D5D,08/05/2017 05:52:52 PM,2,Microsoft-Windows-WMI-Activity,5858,/Windows/System32/winevt/Logs/Microsoft-Windows-WMI-Activity%4Operational.evtx
4033,Microsoft-Windows-Store%4Operational.evtx,DESKTOP-M3M6D5D,08/05/2017 06:25:45 PM,4,Microsoft-Windows-Install-Agent,2002,/Windows/System32/winevt/Logs/Microsoft-Windows-Store%4Operational.evtx
3749,Microsoft-Windows-AppXDeploymentServer%4Operational.evtx,DESKTOP-M3M6D5D,08/05/2017 06:16:04 PM,5,Microsoft-Windows-AppXDeployment-Server,10002,/Windows/System32/winevt/Logs/Microsoft-Windows-AppXDeploymentServer%4Operational.evtx
16,Microsoft-Windows-International%4Operational.evtx,WIN-R1F8H6CSVA3,08/05/2017 08:50:41 PM,1,Microsoft-Windows-International,1001,/Windows/System32/winevt/Logs/Microsoft-Windows-International%4Operational.evtx
239,Microsoft-Windows-Kernel-PnP%4Configuration.evtx,WIN-R1F8H6CSVA3,08/05/2017 08:48:57 PM,4,Microsoft-Windows-Kernel-PnP,410,/Windows/System32/winevt/Logs/Microsoft-Windows-Kernel-PnP%4Configuration.evtx
2079,Microsoft-Windows-Store%4Operational.evtx,DESKTOP-M3M6D5D,08/05/2017 06:16:15 PM,4,Microsoft-Windows-Install-Agent,2002,/Windows/System32/winevt/Logs/Microsoft-Windows-Store%4Operational.evtx
4647,Microsoft-Windows-Store%4Operational.evtx,DESKTOP-M3M6D5D,08/05/2017 06:28:28 PM,3,Microsoft-Windows-Store,8002,/Windows/System32/winevt/Logs/Microsoft-Windows-Store%4Operational.evtx
5597,Microsoft-Windows-Store%4Operational.evtx,DESKTOP-M3M6D5D,08/05/2017 06:33:00 PM,4,Microsoft-Windows-Store,8001,/Windows/System32/winevt/Logs/Microsoft-Windows-Store%4Operational.evtx
600,Microsoft-Windows-AppReadiness%4Operational.evtx,DESKTOP-M3M6D5D,08/05/2017 05:57:14 PM,4,Microsoft-Windows-AppReadiness,205,/Windows/System32/winevt/Logs/Microsoft-Windows-AppReadiness%4Operational.evtx
2952,Microsoft-Windows-AppXDeploymentServer%4Operational.evtx,DESKTOP-M3M6D5D,08/05/2017 05:58:15 PM,5,Microsoft-Windows-AppXDeployment-Server,5505,/Windows/System32/winevt/Logs/Microsoft-Windows-AppXDeploymentServer%4Operational.evtx
84,Microsoft-Windows-AppLocker%4MSI and Script.evtx,DESKTOP-M3M6D5D,08/05/2017 05:58:10 PM,3,Microsoft-Windows-AppLocker,8009,/Windows/System32/winevt/Logs/Microsoft-Windows-AppLocker%4MSI and Script.evtx
2118,Microsoft-Windows-Store%4Operational.evtx,DESKTOP-M3M6D5D,08/05/2017 06:16:15 PM,4,Microsoft-Windows-Install-Agent,2002,/Windows/System32/winevt/Logs/Microsoft-Windows-Store%4Operational.evtx
1423,Microsoft-Windows-AppxPackaging%4Operational.evtx,DESKTOP-M3M6D5D,08/05/2017 06:35:44 PM,3,Microsoft-Windows-AppxPackagingOM,216,/Windows/System32/winevt/Logs/Microsoft-Windows-AppxPackaging%4Operational.evtx
392,Microsoft-Windows-Store%4Operational.evtx,DESKTOP-M3M6D5D,08/05/2017 05:52:24 PM,4,Microsoft-Windows-Store,8001,/Windows/System32/winevt/Logs/Microsoft-Windows-Store%4Operational.evtx
4249,Microsoft-Windows-Store%4Operational.evtx,DESKTOP-M3M6D5D,08/05/2017 06:26:38 PM,4,Microsoft-Windows-Install-Agent,2002,/Windows/System32/winevt/Logs/Microsoft-Windows-Store%4Operational.evtx
4574,Microsoft-Windows-Store%4Operational.evtx,DESKTOP-M3M6D5D,08/05/2017 06:28:19 PM,4,Microsoft-Windows-Store,8001,/Windows/System32/winevt/Logs/Microsoft-Windows-Store%4Operational.evtx
4228,Microsoft-Windows-AppXDeploymentServer%4Operational.evtx,DESKTOP-M3M6D5D,08/05/2017 06:22:32 PM,5,Microsoft-Windows-AppXDeployment-Server,822,/Windows/System32/winevt/Logs/Microsoft-Windows-AppXDeploymentServer%4Operational.evtx
147,Microsoft-Windows-AppLocker%4MSI and Script.evtx,DESKTOP-M3M6D5D,08/05/2017 06:16:14 PM,3,Microsoft-Windows-AppLocker,8009,/Windows/System32/winevt/Logs/Microsoft-Windows-AppLocker%4MSI and Script.evtx
600,Microsoft-Windows-AppXDeploymentServer%4Operational.evtx,DESKTOP-M3M6D5D,08/05/2017 06:32:52 PM,5,Microsoft-Windows-AppXDeployment-Server,822,/Windows/System32/winevt/Logs/Microsoft-Windows-AppXDeploymentServer%4Operational.evtx
8,Microsoft-Windows-AppXDeploymentServer%4Operational.evtx,DESKTOP-M3M6D5D,08/05/2017 06:28:13 PM,5,Microsoft-Windows-AppXDeployment-Server,10000,/Windows/System32/winevt/Logs/Microsoft-Windows-AppXDeploymentServer%4Operational.evtx
230,Microsoft-Windows-Windows Firewall With Advanced Security%4Firewall.evtx,DESKTOP-M3M6D5D,08/05/2017 05:58:09 PM,4,Microsoft-Windows-Windows Firewall With Advanced Security,2004,/Windows/System32/winevt/Logs/Microsoft-Windows-Windows Firewall With Advanced Security%4Firewall.evtx
2139,Microsoft-Windows-Store%4Operational.evtx,DESKTOP-M3M6D5D,08/05/2017 06:16:16 PM,4,Microsoft-Windows-Install-Agent,2002,/Windows/System32/winevt/Logs/Microsoft-Windows-Store%4Operational.evtx
1,Microsoft-Windows-HelloForBusiness%4Operational.evtx,DESKTOP-M3M6D5D,08/05/2017 05:53:40 PM,4,Microsoft-Windows-HelloForBusiness,3054,/Windows/System32/winevt/Logs/Microsoft-Windows-HelloForBusiness%4Operational.evtx
1675,Microsoft-Windows-AppXDeploymentServer%4Operational.evtx,DESKTOP-M3M6D5D,08/05/2017 05:53:37 PM,5,Microsoft-Windows-AppXDeployment-Server,8106,/Windows/System32/winevt/Logs/Microsoft-Windows-AppXDeploymentServer%4Operational.evtx
1436,Microsoft-Windows-AppXDeploymentServer%4Operational.evtx,DESKTOP-M3M6D5D,08/05/2017 05:53:23 PM,4,Microsoft-Windows-AppXDeployment-Server,607,/Windows/System32/winevt/Logs/Microsoft-Windows-AppXDeploymentServer%4Operational.evtx
1432,Microsoft-Windows-Store%4Operational.evtx,DESKTOP-M3M6D5D,08/05/2017 06:13:40 PM,4,Microsoft-Windows-Store,8001,/Windows/System32/winevt/Logs/Microsoft-Windows-Store%4Operational.evtx
3582,Microsoft-Windows-AppXDeploymentServer%4Operational.evtx,DESKTOP-M3M6D5D,08/05/2017 06:15:31 PM,5,Microsoft-Windows-AppXDeployment-Server,10002,/Windows/System32/winevt/Logs/Microsoft-Windows-AppXDeploymentServer%4Operational.evtx
279,Microsoft-Windows-AppXDeploymentServer%4Operational.evtx,DESKTOP-M3M6D5D,08/05/2017 06:30:34 PM,5,Microsoft-Windows-AppXDeployment-Server,813,/Windows/System32/winevt/Logs/Microsoft-Windows-AppXDeploymentServer%4Operational.evtx
4204,Microsoft-Windows-AppXDeploymentServer%4Operational.evtx,DESKTOP-M3M6D5D,08/05/2017 06:22:04 PM,5,Microsoft-Windows-AppXDeployment-Server,5507,/Windows/System32/winevt/Logs/Microsoft-Windows-AppXDeploymentServer%4Operational.evtx
304,Microsoft-Windows-ApplicationResourceManagementSystem%4Operational.evtx,DESKTOP-M3M6D5D,08/05/2017 06:32:55 PM,2,Microsoft-Windows-ApplicationResourceManagementSystem,240,/Windows/System32/winevt/Logs/Microsoft-Windows-ApplicationResourceManagementSystem%4Operational.evtx
99,Microsoft-Windows-Kernel-PnP%4Configuration.evtx,WIN-R1F8H6CSVA3,08/05/2017 08:48:55 PM,4,Microsoft-Windows-Kernel-PnP,410,/Windows/System32/winevt/Logs/Microsoft-Windows-Kernel-PnP%4Configuration.evtx
261,Microsoft-Windows-Shell-Core%4Operational.evtx,DESKTOP-M3M6D5D,08/05/2017 05:56:21 PM,4,Microsoft-Windows-Shell-Core,62171,/Windows/System32/winevt/Logs/Microsoft-Windows-Shell-Core%4Operational.evtx
663,Microsoft-Windows-Windows Firewall With Advanced Security%4Firewall.evtx,DESKTOP-M3M6D5D,08/05/2017 06:31:16 PM,4,Microsoft-Windows-Windows Firewall With Advanced Security,2006,/Windows/System32/winevt/Logs/Microsoft-Windows-Windows Firewall With Advanced Security%4Firewall.evtx
1471,Microsoft-Windows-AppReadiness%4Operational.evtx,DESKTOP-M3M6D5D,08/05/2017 05:58:41 PM,4,Microsoft-Windows-AppReadiness,206,/Windows/System32/winevt/Logs/Microsoft-Windows-AppReadiness%4Operational.evtx
112,Microsoft-Windows-Kernel-PnP%4Configuration.evtx,WIN-R1F8H6CSVA3,08/05/2017 08:48:55 PM,4,Microsoft-Windows-Kernel-PnP,410,/Windows/System32/winevt/Logs/Microsoft-Windows-Kernel-PnP%4Configuration.evtx
1315,Microsoft-Windows-Store%4Operational.evtx,DESKTOP-M3M6D5D,08/05/2017 06:13:39 PM,4,Microsoft-Windows-Install-Agent,2002,/Windows/System32/winevt/Logs/Microsoft-Windows-Store%4Operational.evtx
3004,Microsoft-Windows-AppXDeploymentServer%4Operational.evtx,DESKTOP-M3M6D5D,08/05/2017 05:58:17 PM,5,Microsoft-Windows-AppXDeployment-Server,5507,/Windows/System32/winevt/Logs/Microsoft-Windows-AppXDeploymentServer%4Operational.evtx
43,Microsoft-Windows-WMI-Activity%4Operational.evtx,DESKTOP-M3M6D5D,08/05/2017 05:52:52 PM,2,Microsoft-Windows-WMI-Activity,5858,/Windows/System32/winevt/Logs/Microsoft-Windows-WMI-Activity%4Operational.evtx
5934,Microsoft-Windows-Store%4Operational.evtx,DESKTOP-M3M6D5D,08/05/2017 07:11:06 PM,4,Microsoft-Windows-Install-Agent,2002,/Windows/System32/winevt/Logs/Microsoft-Windows-Store%4Operational.evtx
70,Microsoft-Windows-GroupPolicy%4Operational.evtx,DESKTOP-M3M6D5D,08/05/2017 05:55:57 PM,4,Microsoft-Windows-GroupPolicy,5257,/Windows/System32/winevt/Logs/Microsoft-Windows-GroupPolicy%4Operational.evtx
254,Microsoft-Windows-AppxPackaging%4Operational.evtx,DESKTOP-M3M6D5D,08/05/2017 05:58:49 PM,3,Microsoft-Windows-AppxPackagingOM,216,/Windows/System32/winevt/Logs/Microsoft-Windows-AppxPackaging%4Operational.evtx
322,Microsoft-Windows-AppReadiness%4Operational.evtx,DESKTOP-M3M6D5D,08/05/2017 05:53:36 PM,4,Microsoft-Windows-AppReadiness,206,/Windows/System32/winevt/Logs/Microsoft-Windows-AppReadiness%4Operational.evtx
170,Microsoft-Windows-International%4Operational.evtx,DESKTOP-M3M6D5D,08/05/2017 06:33:04 PM,1,Microsoft-Windows-International,1001,/Windows/System32/winevt/Logs/Microsoft-Windows-International%4Operational.evtx
430,Microsoft-Windows-AppModel-Runtime%4Admin.evtx,DESKTOP-M3M6D5D,08/05/2017 06:16:15 PM,2,Microsoft-Windows-AppModel-Runtime,69,/Windows/System32/winevt/Logs/Microsoft-Windows-AppModel-Runtime%4Admin.evtx
110,Microsoft-Windows-Bits-Client%4Operational.evtx,DESKTOP-M3M6D5D,08/05/2017 07:39:38 PM,4,Microsoft-Windows-Bits-Client,3,/Windows/System32/winevt/Logs/Microsoft-Windows-Bits-Client%4Operational.evtx
2256,Microsoft-Windows-AppXDeploymentServer%4Operational.evtx,DESKTOP-M3M6D5D,08/05/2017 05:57:34 PM,4,Microsoft-Windows-AppXDeployment-Server,339,/Windows/System32/winevt/Logs/Microsoft-Windows-AppXDeploymentServer%4Operational.evtx
63,Microsoft-Windows-AppReadiness%4Operational.evtx,DESKTOP-M3M6D5D,08/05/2017 05:51:56 PM,4,Microsoft-Windows-AppReadiness,318,/Windows/System32/winevt/Logs/Microsoft-Windows-AppReadiness%4Operational.evtx
1446,Microsoft-Windows-AppXDeploymentServer%4Operational.evtx,DESKTOP-M3M6D5D,08/05/2017 05:53:26 PM,4,Microsoft-Windows-AppXDeployment-Server,400,/Windows/System32/winevt/Logs/Microsoft-Windows-AppXDeploymentServer%4Operational.evtx
3352,Microsoft-Windows-AppXDeploymentServer%4Operational.evtx,DESKTOP-M3M6D5D,08/05/2017 05:58:33 PM,4,Microsoft-Windows-AppXDeployment-Server,613,/Windows/System32/winevt/Logs/Microsoft-Windows-AppXDeploymentServer%4Operational.evtx
1062,Microsoft-Windows-Store%4Operational.evtx,DESKTOP-M3M6D5D,08/05/2017 06:01:09 PM,4,Microsoft-Windows-Install-Agent,2002,/Windows/System32/winevt/Logs/Microsoft-Windows-Store%4Operational.evtx
49,Microsoft-Windows-DeviceSetupManager%4Admin.evtx,DESKTOP-M3M6D5D,08/05/2017 05:56:03 PM,3,Microsoft-Windows-DeviceSetupManager,202,/Windows/System32/winevt/Logs/Microsoft-Windows-DeviceSetupManager%4Admin.evtx
4310,Microsoft-Windows-AppXDeploymentServer%4Operational.evtx,DESKTOP-M3M6D5D,08/05/2017 06:24:08 PM,4,Microsoft-Windows-AppXDeployment-Server,613,/Windows/System32/winevt/Logs/Microsoft-Windows-AppXDeploymentServer%4Operational.evtx
91,Microsoft-Windows-Kernel-PnP%4Configuration.evtx,WIN-R1F8H6CSVA3,08/05/2017 08:48:55 PM,4,Microsoft-Windows-Kernel-PnP,410,/Windows/System32/winevt/Logs/Microsoft-Windows-Kernel-PnP%4Configuration.evtx
3927,Microsoft-Windows-Store%4Operational.evtx,DESKTOP-M3M6D5D,08/05/2017 06:25:21 PM,5,Microsoft-Windows-Install-Agent,2001,/Windows/System32/winevt/Logs/Microsoft-Windows-Store%4Operational.evtx
3698,Microsoft-Windows-Store%4Operational.evtx,DESKTOP-M3M6D5D,08/05/2017 06:22:34 PM,4,Microsoft-Windows-Store,8001,/Windows/System32/winevt/Logs/Microsoft-Windows-Store%4Operational.evtx
4114,Microsoft-Windows-Store%4Operational.evtx,DESKTOP-M3M6D5D,08/05/2017 06:26:29 PM,4,Microsoft-Windows-Store,8001,/Windows/System32/winevt/Logs/Microsoft-Windows-Store%4Operational.evtx
3263,Microsoft-Windows-AppXDeploymentServer%4Operational.evtx,DESKTOP-M3M6D5D,08/05/2017 05:58:31 PM,4,Microsoft-Windows-AppXDeployment-Server,603,/Windows/System32/winevt/Logs/Microsoft-Windows-AppXDeploymentServer%4Operational.evtx
1203,Microsoft-Windows-Store%4Operational.evtx,DESKTOP-M3M6D5D,08/05/2017 06:13:39 PM,4,Microsoft-Windows-Install-Agent,2002,/Windows/System32/winevt/Logs/Microsoft-Windows-Store%4Operational.evtx
65,Microsoft-Windows-TWinUI%4Operational.evtx,DESKTOP-M3M6D5D,08/05/2017 06:28:18 PM,2,Microsoft-Windows-Immersive-Shell,5951,/Windows/System32/winevt/Logs/Microsoft-Windows-TWinUI%4Operational.evtx
97,Microsoft-Windows-Shell-Core%4Operational.evtx,DESKTOP-M3M6D5D,08/05/2017 05:53:13 PM,4,Microsoft-Windows-Shell-Core,9707,/Windows/System32/winevt/Logs/Microsoft-Windows-Shell-Core%4Operational.evtx
311,Microsoft-Windows-PushNotification-Platform%4Operational.evtx,DESKTOP-M3M6D5D,08/05/2017 06:33:06 PM,4,Microsoft-Windows-PushNotifications-Platform,2414,/Windows/System32/winevt/Logs/Microsoft-Windows-PushNotification-Platform%4Operational.evtx
191,Microsoft-Windows-Shell-Core%4AppDefaults.evtx,DESKTOP-M3M6D5D,08/05/2017 05:53:10 PM,4,Microsoft-Windows-Shell-Core,62443,/Windows/System32/winevt/Logs/Microsoft-Windows-Shell-Core%4AppDefaults.evtx
5051,Microsoft-Windows-Store%4Operational.evtx,DESKTOP-M3M6D5D,08/05/2017 06:30:39 PM,4,Microsoft-Windows-Store,8001,/Windows/System32/winevt/Logs/Microsoft-Windows-Store%4Operational.evtx
610,Microsoft-Windows-AppxPackaging%4Operational.evtx,DESKTOP-M3M6D5D,08/05/2017 06:21:56 PM,3,Microsoft-Windows-AppxPackagingOM,216,/Windows/System32/winevt/Logs/Microsoft-Windows-AppxPackaging%4Operational.evtx
887,Microsoft-Windows-AppxPackaging%4Operational.evtx,DESKTOP-M3M6D5D,08/05/2017 06:28:20 PM,3,Microsoft-Windows-AppxPackagingOM,216,/Windows/System32/winevt/Logs/Microsoft-Windows-AppxPackaging%4Operational.evtx
3558,Microsoft-Windows-AppXDeploymentServer%4Operational.evtx,DESKTOP-M3M6D5D,08/05/2017 06:15:23 PM,4,Microsoft-Windows-AppXDeployment-Server,339,/Windows/System32/winevt/Logs/Microsoft-Windows-AppXDeploymentServer%4Operational.evtx
376,Microsoft-Windows-PushNotification-Platform%4Operational.evtx,DESKTOP-M3M6D5D,08/05/2017 07:48:57 PM,4,Microsoft-Windows-PushNotifications-Platform,2415,/Windows/System32/winevt/Logs/Microsoft-Windows-PushNotification-Platform%4Operational.evtx
606,Microsoft-Windows-AppxPackaging%4Operational.evtx,DESKTOP-M3M6D5D,08/05/2017 06:21:22 PM,4,Microsoft-Windows-AppxPackagingOM,170,/Windows/System32/winevt/Logs/Microsoft-Windows-AppxPackaging%4Operational.evtx
2681,Microsoft-Windows-Store%4Operational.evtx,DESKTOP-M3M6D5D,08/05/2017 06:17:04 PM,5,Microsoft-Windows-Install-Agent,2001,/Windows/System32/winevt/Logs/Microsoft-Windows-Store%4Operational.evtx
1657,Microsoft-Windows-Store%4Operational.evtx,DESKTOP-M3M6D5D,08/05/2017 06:15:33 PM,4,Microsoft-Windows-Install-Agent,2002,/Windows/System32/winevt/Logs/Microsoft-Windows-Store%4Operational.evtx
174,Microsoft-Windows-AppReadiness%4Operational.evtx,DESKTOP-M3M6D5D,08/05/2017 05:53:14 PM,4,Microsoft-Windows-AppReadiness,302,/Windows/System32/winevt/Logs/Microsoft-Windows-AppReadiness%4Operational.evtx
952,Microsoft-Windows-AppReadiness%4Operational.evtx,DESKTOP-M3M6D5D,08/05/2017 05:58:01 PM,4,Microsoft-Windows-AppReadiness,200,/Windows/System32/winevt/Logs/Microsoft-Windows-AppReadiness%4Operational.evtx
525,Microsoft-Windows-AppModel-Runtime%4Admin.evtx,DESKTOP-M3M6D5D,08/05/2017 07:46:12 PM,4,Microsoft-Windows-AppModel-Runtime,40,/Windows/System32/winevt/Logs/Microsoft-Windows-AppModel-Runtime%4Admin.evtx
681,Microsoft-Windows-Windows Firewall With Advanced Security%4Firewall.evtx,DESKTOP-M3M6D5D,08/05/2017 06:31:29 PM,4,Microsoft-Windows-Windows Firewall With Advanced Security,2006,/Windows/System32/winevt/Logs/Microsoft-Windows-Windows Firewall With Advanced Security%4Firewall.evtx
134,Microsoft-Windows-StateRepository%4Operational.evtx,DESKTOP-M3M6D5D,08/05/2017 06:48:38 PM,3,Microsoft-Windows-StateRepository,104,/Windows/System32/winevt/Logs/Microsoft-Windows-StateRepository%4Operational.evtx
1105,Microsoft-Windows-Store%4Operational.evtx,DESKTOP-M3M6D5D,08/05/2017 06:10:34 PM,4,Microsoft-Windows-Install-Agent,2002,/Windows/System32/winevt/Logs/Microsoft-Windows-Store%4Operational.evtx
3033,Microsoft-Windows-Store%4Operational.evtx,DESKTOP-M3M6D5D,08/05/2017 06:17:29 PM,4,Windows-ApplicationModel-Store-SDK,4,/Windows/System32/winevt/Logs/Microsoft-Windows-Store%4Operational.evtx
167,Microsoft-Windows-ApplicationResourceManagementSystem%4Operational.evtx,DESKTOP-M3M6D5D,08/05/2017 05:51:56 PM,4,Microsoft-Windows-ApplicationResourceManagementSystem,375,/Windows/System32/winevt/Logs/Microsoft-Windows-ApplicationResourceManagementSystem%4Operational.evtx
2091,Microsoft-Windows-AppXDeploymentServer%4Operational.evtx,DESKTOP-M3M6D5D,08/05/2017 05:57:23 PM,5,Microsoft-Windows-AppXDeployment-Server,541,/Windows/System32/winevt/Logs/Microsoft-Windows-AppXDeploymentServer%4Operational.evtx
5563,Microsoft-Windows-Store%4Operational.evtx,DESKTOP-M3M6D5D,08/05/2017 06:33:00 PM,4,Microsoft-Windows-Store,8001,/Windows/System32/winevt/Logs/Microsoft-Windows-Store%4Operational.evtx
71,Microsoft-Windows-Windows Firewall With Advanced Security%4Firewall.evtx,DESKTOP-M3M6D5D,08/05/2017 05:53:37 PM,4,Microsoft-Windows-Windows Firewall With Advanced Security,2004,/Windows/System32/winevt/Logs/Microsoft-Windows-Windows Firewall With Advanced Security%4Firewall.evtx
65,Microsoft-Windows-ApplicationResourceManagementSystem%4Operational.evtx,DESKTOP-M3M6D5D,08/05/2017 05:51:50 PM,4,Microsoft-Windows-ApplicationResourceManagementSystem,375,/Windows/System32/winevt/Logs/Microsoft-Windows-ApplicationResourceManagementSystem%4Operational.evtx
74,Microsoft-Windows-LiveId%4Operational.evtx,DESKTOP-M3M6D5D,08/05/2017 07:48:01 PM,4,Microsoft-Windows-LiveId,6116,/Windows/System32/winevt/Logs/Microsoft-Windows-LiveId%4Operational.evtx
80,System.evtx,WIN-R1F8H6CSVA3,08/05/2017 08:49:40 PM,4,Service Control Manager,7045,/Windows/System32/winevt/Logs/System.evtx
1531,Microsoft-Windows-AppxPackaging%4Operational.evtx,DESKTOP-M3M6D5D,08/05/2017 07:47:02 PM,3,Microsoft-Windows-AppxPackagingOM,216,/Windows/System32/winevt/Logs/Microsoft-Windows-AppxPackaging%4Operational.evtx
1986,Microsoft-Windows-Store%4Operational.evtx,DESKTOP-M3M6D5D,08/05/2017 06:16:14 PM,4,Microsoft-Windows-Install-Agent,2002,/Windows/System32/winevt/Logs/Microsoft-Windows-Store%4Operational.evtx
2431,Microsoft-Windows-Store%4Operational.evtx,DESKTOP-M3M6D5D,08/05/2017 06:16:41 PM,4,Microsoft-Windows-Install-Agent,2002,/Windows/System32/winevt/Logs/Microsoft-Windows-Store%4Operational.evtx
133,Microsoft-Windows-AppXDeploymentServer%4Operational.evtx,DESKTOP-M3M6D5D,08/05/2017 06:28:27 PM,5,Microsoft-Windows-AppXDeployment-Server,822,/Windows/System32/winevt/Logs/Microsoft-Windows-AppXDeploymentServer%4Operational.evtx
3864,Microsoft-Windows-AppXDeploymentServer%4Operational.evtx,DESKTOP-M3M6D5D,08/05/2017 06:16:15 PM,5,Microsoft-Windows-AppXDeployment-Server,5507,/Windows/System32/winevt/Logs/Microsoft-Windows-AppXDeploymentServer%4Operational.evtx
4611,Microsoft-Windows-Store%4Operational.evtx,DESKTOP-M3M6D5D,08/05/2017 06:28:28 PM,4,Microsoft-Windows-Install-Agent,2002,/Windows/System32/winevt/Logs/Microsoft-Windows-Store%4Operational.evtx
5150,Microsoft-Windows-Store%4Operational.evtx,DESKTOP-M3M6D5D,08/05/2017 06:31:18 PM,4,Microsoft-Windows-Store,8001,/Windows/System32/winevt/Logs/Microsoft-Windows-Store%4Operational.evtx
3111,Microsoft-Windows-AppXDeploymentServer%4Operational.evtx,DESKTOP-M3M6D5D,08/05/2017 05:58:24 PM,4,Microsoft-Windows-AppXDeployment-Server,573,/Windows/System32/winevt/Logs/Microsoft-Windows-AppXDeploymentServer%4Operational.evtx
1470,Microsoft-Windows-Store%4Operational.evtx,DESKTOP-M3M6D5D,08/05/2017 06:13:40 PM,4,Microsoft-Windows-Store,8001,/Windows/System32/winevt/Logs/Microsoft-Windows-Store%4Operational.evtx
2634,Microsoft-Windows-AppXDeploymentServer%4Operational.evtx,DESKTOP-M3M6D5D,08/05/2017 05:58:08 PM,5,Microsoft-Windows-AppXDeployment-Server,10001,/Windows/System32/winevt/Logs/Microsoft-Windows-AppXDeploymentServer%4Operational.evtx
3852,Microsoft-Windows-Store%4Operational.evtx,DESKTOP-M3M6D5D,08/05/2017 06:24:10 PM,4,Microsoft-Windows-Store,8001,/Windows/System32/winevt/Logs/Microsoft-Windows-Store%4Operational.evtx
1337,Microsoft-Windows-AppXDeploymentServer%4Operational.evtx,DESKTOP-M3M6D5D,08/05/2017 05:53:15 PM,5,Microsoft-Windows-AppXDeployment-Server,541,/Windows/System32/winevt/Logs/Microsoft-Windows-AppXDeploymentServer%4Operational.evtx
55,Microsoft-Windows-WindowsUpdateClient%4Operational.evtx,DESKTOP-M3M6D5D,08/05/2017 07:18:42 PM,4,Microsoft-Windows-WindowsUpdateClient,41,/Windows/System32/winevt/Logs/Microsoft-Windows-WindowsUpdateClient%4Operational.evtx
4194,Microsoft-Windows-Store%4Operational.evtx,DESKTOP-M3M6D5D,08/05/2017 06:26:35 PM,4,Microsoft-Windows-Install-Agent,2002,/Windows/System32/winevt/Logs/Microsoft-Windows-Store%4Operational.evtx
21,Microsoft-Windows-AppxPackaging%4Operational.evtx,WIN-R1F8H6CSVA3,08/05/2017 08:49:59 PM,3,Microsoft-Windows-AppxPackagingOM,216,/Windows/System32/winevt/Logs/Microsoft-Windows-AppxPackaging%4Operational.evtx
30,Microsoft-Windows-AppReadiness%4Operational.evtx,DESKTOP-M3M6D5D,08/05/2017 05:51:56 PM,4,Microsoft-Windows-AppReadiness,317,/Windows/System32/winevt/Logs/Microsoft-Windows-AppReadiness%4Operational.evtx
1959,Microsoft-Windows-Store%4Operational.evtx,DESKTOP-M3M6D5D,08/05/2017 06:16:14 PM,4,Microsoft-Windows-Install-Agent,2002,/Windows/System32/winevt/Logs/Microsoft-Windows-Store%4Operational.evtx
2036,Microsoft-Windows-Store%4Operational.evtx,DESKTOP-M3M6D5D,08/05/2017 06:16:15 PM,4,Microsoft-Windows-Install-Agent,2002,/Windows/System32/winevt/Logs/Microsoft-Windows-Store%4Operational.evtx
108,Microsoft-Windows-PushNotification-Platform%4Operational.evtx,DESKTOP-M3M6D5D,08/05/2017 05:57:00 PM,4,Microsoft-Windows-PushNotifications-Platform,2413,/Windows/System32/winevt/Logs/Microsoft-Windows-PushNotification-Platform%4Operational.evtx
337,Microsoft-Windows-Store%4Operational.evtx,DESKTOP-M3M6D5D,08/05/2017 05:52:23 PM,3,Microsoft-Windows-Store,8002,/Windows/System32/winevt/Logs/Microsoft-Windows-Store%4Operational.evtx
1299,Microsoft-Windows-AppXDeploymentServer%4Operational.evtx,DESKTOP-M3M6D5D,08/05/2017 05:53:14 PM,5,Microsoft-Windows-AppXDeployment-Server,10002,/Windows/System32/winevt/Logs/Microsoft-Windows-AppXDeploymentServer%4Operational.evtx
47,Microsoft-Windows-StateRepository%4Operational.evtx,DESKTOP-M3M6D5D,08/05/2017 06:15:06 PM,4,Microsoft-Windows-StateRepository,221,/Windows/System32/winevt/Logs/Microsoft-Windows-StateRepository%4Operational.evtx
6081,Microsoft-Windows-Store%4Operational.evtx,DESKTOP-M3M6D5D,08/05/2017 07:11:08 PM,4,Microsoft-Windows-Install-Agent,2002,/Windows/System32/winevt/Logs/Microsoft-Windows-Store%4Operational.evtx
2864,Microsoft-Windows-AppXDeploymentServer%4Operational.evtx,DESKTOP-M3M6D5D,08/05/2017 05:58:11 PM,4,Microsoft-Windows-AppXDeployment-Server,613,/Windows/System32/winevt/Logs/Microsoft-Windows-AppXDeploymentServer%4Operational.evtx
34,Microsoft-Windows-GroupPolicy%4Operational.evtx,DESKTOP-M3M6D5D,08/05/2017 05:53:07 PM,4,Microsoft-Windows-GroupPolicy,4117,/Windows/System32/winevt/Logs/Microsoft-Windows-GroupPolicy%4Operational.evtx
620,Microsoft-Windows-Store%4Operational.evtx,DESKTOP-M3M6D5D,08/05/2017 05:52:28 PM,4,Microsoft-Windows-Store,8001,/Windows/System32/winevt/Logs/Microsoft-Windows-Store%4Operational.evtx
357,Microsoft-Windows-AppReadiness%4Operational.evtx,DESKTOP-M3M6D5D,08/05/2017 05:53:37 PM,4,Microsoft-Windows-AppReadiness,301,/Windows/System32/winevt/Logs/Microsoft-Windows-AppReadiness%4Operational.evtx
5407,Microsoft-Windows-Store%4Operational.evtx,DESKTOP-M3M6D5D,08/05/2017 06:32:50 PM,4,Microsoft-Windows-Install-Agent,2002,/Windows/System32/winevt/Logs/Microsoft-Windows-Store%4Operational.evtx
4649,Microsoft-Windows-Store%4Operational.evtx,DESKTOP-M3M6D5D,08/05/2017 06:28:28 PM,5,Microsoft-Windows-Store,8012,/Windows/System32/winevt/Logs/Microsoft-Windows-Store%4Operational.evtx
518,Microsoft-Windows-Windows Firewall With Advanced Security%4Firewall.evtx,DESKTOP-M3M6D5D,08/05/2017 06:25:44 PM,4,Microsoft-Windows-Windows Firewall With Advanced Security,2004,/Windows/System32/winevt/Logs/Microsoft-Windows-Windows Firewall With Advanced Security%4Firewall.evtx
252,System.evtx,DESKTOP-M3M6D5D,08/05/2017 05:54:31 PM,4,Microsoft-Windows-UserPnp,20001,/Windows/System32/winevt/Logs/System.evtx
4919,Microsoft-Windows-Store%4Operational.evtx,DESKTOP-M3M6D5D,08/05/2017 06:29:11 PM,5,Microsoft-Windows-Install-Agent,2001,/Windows/System32/winevt/Logs/Microsoft-Windows-Store%4Operational.evtx
4191,Microsoft-Windows-AppXDeploymentServer%4Operational.evtx,DESKTOP-M3M6D5D,08/05/2017 06:22:03 PM,4,Microsoft-Windows-AppXDeployment-Server,613,/Windows/System32/winevt/Logs/Microsoft-Windows-AppXDeploymentServer%4Operational.evtx
135,Microsoft-Windows-Shell-Core%4AppDefaults.evtx,DESKTOP-M3M6D5D,08/05/2017 05:53:10 PM,4,Microsoft-Windows-Shell-Core,62443,/Windows/System32/winevt/Logs/Microsoft-Windows-Shell-Core%4AppDefaults.evtx
1479,Microsoft-Windows-AppxPackaging%4Operational.evtx,DESKTOP-M3M6D5D,08/05/2017 07:19:34 PM,3,Microsoft-Windows-AppxPackagingOM,216,/Windows/System32/winevt/Logs/Microsoft-Windows-AppxPackaging%4Operational.evtx
17,Microsoft-Windows-Bits-Client%4Operational.evtx,DESKTOP-M3M6D5D,08/05/2017 06:00:14 PM,4,Microsoft-Windows-Bits-Client,59,/Windows/System32/winevt/Logs/Microsoft-Windows-Bits-Client%4Operational.evtx
1146,Microsoft-Windows-Store%4Operational.evtx,DESKTOP-M3M6D5D,08/05/2017 06:10:35 PM,4,Microsoft-Windows-Install-Agent,2002,/Windows/System32/winevt/Logs/Microsoft-Windows-Store%4Operational.evtx
520,Microsoft-Windows-AppReadiness%4Operational.evtx,DESKTOP-M3M6D5D,08/05/2017 05:56:58 PM,4,Microsoft-Windows-AppReadiness,205,/Windows/System32/winevt/Logs/Microsoft-Windows-AppReadiness%4Operational.evtx
318,Microsoft-Windows-Kernel-PnP%4Configuration.evtx,WIN-R1F8H6CSVA3,08/05/2017 08:49:01 PM,4,Microsoft-Windows-Kernel-PnP,400,/Windows/System32/winevt/Logs/Microsoft-Windows-Kernel-PnP%4Configuration.evtx
470,Microsoft-Windows-Windows Firewall With Advanced Security%4Firewall.evtx,DESKTOP-M3M6D5D,08/05/2017 06:22:04 PM,4,Microsoft-Windows-Windows Firewall With Advanced Security,2004,/Windows/System32/winevt/Logs/Microsoft-Windows-Windows Firewall With Advanced Security%4Firewall.evtx
1090,Microsoft-Windows-AppReadiness%4Operational.evtx,DESKTOP-M3M6D5D,08/05/2017 05:58:09 PM,4,Microsoft-Windows-AppReadiness,200,/Windows/System32/winevt/Logs/Microsoft-Windows-AppReadiness%4Operational.evtx
23,Security.evtx,WIN-R1F8H6CSVA3,08/05/2017 08:49:09 PM,0,Microsoft-Windows-Security-Auditing,4731,/Windows/System32/winevt/Logs/Security.evtx
2160,Microsoft-Windows-Store%4Operational.evtx,DESKTOP-M3M6D5D,08/05/2017 06:16:41 PM,4,Microsoft-Windows-Install-Agent,2002,/Windows/System32/winevt/Logs/Microsoft-Windows-Store%4Operational.evtx
1234,Microsoft-Windows-AppxPackaging%4Operational.evtx,DESKTOP-M3M6D5D,08/05/2017 06:33:03 PM,3,Microsoft-Windows-AppxPackagingOM,216,/Windows/System32/winevt/Logs/Microsoft-Windows-AppxPackaging%4Operational.evtx
3850,Microsoft-Windows-AppXDeploymentServer%4Operational.evtx,DESKTOP-M3M6D5D,08/05/2017 06:16:15 PM,4,Microsoft-Windows-AppXDeployment-Server,492,/Windows/System32/winevt/Logs/Microsoft-Windows-AppXDeploymentServer%4Operational.evtx
84,Microsoft-Windows-ApplicationResourceManagementSystem%4Operational.evtx,DESKTOP-M3M6D5D,08/05/2017 05:51:51 PM,4,Microsoft-Windows-ApplicationResourceManagementSystem,375,/Windows/System32/winevt/Logs/Microsoft-Windows-ApplicationResourceManagementSystem%4Operational.evtx
4607,Microsoft-Windows-AppXDeploymentServer%4Operational.evtx,DESKTOP-M3M6D5D,08/05/2017 06:28:00 PM,5,Microsoft-Windows-AppXDeployment-Server,614,/Windows/System32/winevt/Logs/Microsoft-Windows-AppXDeploymentServer%4Operational.evtx
54,Microsoft-Windows-StateRepository%4Operational.evtx,DESKTOP-M3M6D5D,08/05/2017 06:20:12 PM,4,Microsoft-Windows-StateRepository,221,/Windows/System32/winevt/Logs/Microsoft-Windows-StateRepository%4Operational.evtx
313,Microsoft-Windows-CloudStore%4Operational.evtx,DESKTOP-M3M6D5D,08/05/2017 05:54:42 PM,4,Microsoft-Windows-CloudStore,2005,/Windows/System32/winevt/Logs/Microsoft-Windows-CloudStore%4Operational.evtx
1878,Microsoft-Windows-Store%4Operational.evtx,DESKTOP-M3M6D5D,08/05/2017 06:16:14 PM,4,Microsoft-Windows-Install-Agent,2002,/Windows/System32/winevt/Logs/Microsoft-Windows-Store%4Operational.evtx
4,System.evtx,WIN-R1F8H6CSVA3,08/05/2017 08:48:55 PM,4,Microsoft-Windows-Kernel-Boot,27,/Windows/System32/winevt/Logs/System.evtx
195,Microsoft-Windows-Shell-Core%4AppDefaults.evtx,DESKTOP-M3M6D5D,08/05/2017 05:53:10 PM,4,Microsoft-Windows-Shell-Core,62443,/Windows/System32/winevt/Logs/Microsoft-Windows-Shell-Core%4AppDefaults.evtx
6207,Microsoft-Windows-Store%4Operational.evtx,DESKTOP-M3M6D5D,08/05/2017 07:11:09 PM,5,Microsoft-Windows-Store,8012,/Windows/System32/winevt/Logs/Microsoft-Windows-Store%4Operational.evtx
50,Microsoft-Windows-Application-Experience%4Program-Telemetry.evtx,DESKTOP-M3M6D5D,08/05/2017 06:00:44 PM,4,Microsoft-Windows-Application-Experience,505,/Windows/System32/winevt/Logs/Microsoft-Windows-Application-Experience%4Program-Telemetry.evtx
322,System.evtx,DESKTOP-M3M6D5D,08/05/2017 05:55:50 PM,3,BTHUSB,28,/Windows/System32/winevt/Logs/System.evtx
2902,Microsoft-Windows-AppXDeploymentServer%4Operational.evtx,DESKTOP-M3M6D5D,08/05/2017 05:58:12 PM,5,Microsoft-Windows-AppXDeployment-Server,10002,/Windows/System32/winevt/Logs/Microsoft-Windows-AppXDeploymentServer%4Operational.evtx
277,Microsoft-Windows-PushNotification-Platform%4Operational.evtx,DESKTOP-M3M6D5D,08/05/2017 06:20:21 PM,5,Microsoft-Windows-PushNotifications-Platform,1225,/Windows/System32/winevt/Logs/Microsoft-Windows-PushNotification-Platform%4Operational.evtx
4467,Microsoft-Windows-AppXDeploymentServer%4Operational.evtx,DESKTOP-M3M6D5D,08/05/2017 06:26:25 PM,5,Microsoft-Windows-AppXDeployment-Server,5506,/Windows/System32/winevt/Logs/Microsoft-Windows-AppXDeploymentServer%4Operational.evtx
121,Microsoft-Windows-StateRepository%4Operational.evtx,DESKTOP-M3M6D5D,08/05/2017 06:48:38 PM,3,Microsoft-Windows-StateRepository,104,/Windows/System32/winevt/Logs/Microsoft-Windows-StateRepository%4Operational.evtx
2300,Microsoft-Windows-AppXDeploymentServer%4Operational.evtx,DESKTOP-M3M6D5D,08/05/2017 05:57:41 PM,5,Microsoft-Windows-AppXDeployment-Server,541,/Windows/System32/winevt/Logs/Microsoft-Windows-AppXDeploymentServer%4Operational.evtx
1313,Microsoft-Windows-AppxPackaging%4Operational.evtx,DESKTOP-M3M6D5D,08/05/2017 06:33:17 PM,3,Microsoft-Windows-AppxPackagingOM,216,/Windows/System32/winevt/Logs/Microsoft-Windows-AppxPackaging%4Operational.evtx
139,System.evtx,WIN-R1F8H6CSVA3,08/05/2017 08:50:15 PM,4,Microsoft-Windows-Kernel-General,16,/Windows/System32/winevt/Logs/System.evtx
1664,Microsoft-Windows-Store%4Operational.evtx,DESKTOP-M3M6D5D,08/05/2017 06:15:35 PM,4,Microsoft-Windows-Install-Agent,2002,/Windows/System32/winevt/Logs/Microsoft-Windows-Store%4Operational.evtx
4213,Microsoft-Windows-AppXDeploymentServer%4Operational.evtx,DESKTOP-M3M6D5D,08/05/2017 06:22:04 PM,5,Microsoft-Windows-AppXDeployment-Server,813,/Windows/System32/winevt/Logs/Microsoft-Windows-AppXDeploymentServer%4Operational.evtx
3482,Microsoft-Windows-AppXDeploymentServer%4Operational.evtx,DESKTOP-M3M6D5D,08/05/2017 05:58:42 PM,5,Microsoft-Windows-AppXDeployment-Server,10002,/Windows/System32/winevt/Logs/Microsoft-Windows-AppXDeploymentServer%4Operational.evtx
3508,Microsoft-Windows-Store%4Operational.evtx,DESKTOP-M3M6D5D,08/05/2017 06:21:51 PM,2,Microsoft-Windows-Install-Agent,2004,/Windows/System32/winevt/Logs/Microsoft-Windows-Store%4Operational.evtx
3366,Microsoft-Windows-AppXDeploymentServer%4Operational.evtx,DESKTOP-M3M6D5D,08/05/2017 05:58:33 PM,5,Microsoft-Windows-AppXDeployment-Server,5507,/Windows/System32/winevt/Logs/Microsoft-Windows-AppXDeploymentServer%4Operational.evtx
52,Microsoft-Windows-AppReadiness%4Admin.evtx,DESKTOP-M3M6D5D,08/05/2017 05:53:23 PM,4,Microsoft-Windows-AppReadiness,305,/Windows/System32/winevt/Logs/Microsoft-Windows-AppReadiness%4Admin.evtx
3156,Microsoft-Windows-AppXDeploymentServer%4Operational.evtx,DESKTOP-M3M6D5D,08/05/2017 05:58:25 PM,4,Microsoft-Windows-AppXDeployment-Server,400,/Windows/System32/winevt/Logs/Microsoft-Windows-AppXDeploymentServer%4Operational.evtx
2811,Microsoft-Windows-Store%4Operational.evtx,DESKTOP-M3M6D5D,08/05/2017 06:17:07 PM,5,Microsoft-Windows-Install-Agent,2001,/Windows/System32/winevt/Logs/Microsoft-Windows-Store%4Operational.evtx
252,Microsoft-Windows-AppXDeploymentServer%4Operational.evtx,DESKTOP-M3M6D5D,08/05/2017 06:28:59 PM,4,Microsoft-Windows-AppXDeployment-Server,613,/Windows/System32/winevt/Logs/Microsoft-Windows-AppXDeploymentServer%4Operational.evtx
160,Microsoft-Windows-Windows Firewall With Advanced Security%4Firewall.evtx,DESKTOP-M3M6D5D,08/05/2017 05:57:29 PM,4,Microsoft-Windows-Windows Firewall With Advanced Security,2004,/Windows/System32/winevt/Logs/Microsoft-Windows-Windows Firewall With Advanced Security%4Firewall.evtx
1025,Microsoft-Windows-AppXDeploymentServer%4Operational.evtx,DESKTOP-M3M6D5D,08/05/2017 07:19:28 PM,4,Microsoft-Windows-AppXDeployment-Server,400,/Windows/System32/winevt/Logs/Microsoft-Windows-AppXDeploymentServer%4Operational.evtx
5116,Microsoft-Windows-Store%4Operational.evtx,DESKTOP-M3M6D5D,08/05/2017 06:31:17 PM,4,Microsoft-Windows-Install-Agent,2002,/Windows/System32/winevt/Logs/Microsoft-Windows-Store%4Operational.evtx
129,Microsoft-Windows-AppReadiness%4Admin.evtx,DESKTOP-M3M6D5D,08/05/2017 05:56:57 PM,4,Microsoft-Windows-AppReadiness,213,/Windows/System32/winevt/Logs/Microsoft-Windows-AppReadiness%4Admin.evtx
551,Microsoft-Windows-AppReadiness%4Operational.evtx,DESKTOP-M3M6D5D,08/05/2017 05:57:05 PM,4,Microsoft-Windows-AppReadiness,205,/Windows/System32/winevt/Logs/Microsoft-Windows-AppReadiness%4Operational.evtx
2120,Microsoft-Windows-Store%4Operational.evtx,DESKTOP-M3M6D5D,08/05/2017 06:16:15 PM,4,Microsoft-Windows-Install-Agent,2002,/Windows/System32/winevt/Logs/Microsoft-Windows-Store%4Operational.evtx
886,Microsoft-Windows-Store%4Operational.evtx,DESKTOP-M3M6D5D,08/05/2017 05:56:21 PM,4,Microsoft-Windows-Store,8001,/Windows/System32/winevt/Logs/Microsoft-Windows-Store%4Operational.evtx
265,Microsoft-Windows-AppLocker%4MSI and Script.evtx,DESKTOP-M3M6D5D,08/05/2017 06:32:09 PM,3,Microsoft-Windows-AppLocker,8009,/Windows/System32/winevt/Logs/Microsoft-Windows-AppLocker%4MSI and Script.evtx
267,Microsoft-Windows-AppXDeploymentServer%4Operational.evtx,DESKTOP-M3M6D5D,08/05/2017 06:30:34 PM,5,Microsoft-Windows-AppXDeployment-Server,447,/Windows/System32/winevt/Logs/Microsoft-Windows-AppXDeploymentServer%4Operational.evtx
2965,Microsoft-Windows-AppXDeploymentServer%4Operational.evtx,DESKTOP-M3M6D5D,08/05/2017 05:58:16 PM,5,Microsoft-Windows-AppXDeployment-Server,10001,/Windows/System32/winevt/Logs/Microsoft-Windows-AppXDeploymentServer%4Operational.evtx
90,Microsoft-Windows-Application-Experience%4Program-Telemetry.evtx,DESKTOP-M3M6D5D,08/05/2017 06:20:21 PM,4,Microsoft-Windows-Application-Experience,505,/Windows/System32/winevt/Logs/Microsoft-Windows-Application-Experience%4Program-Telemetry.evtx
56,Microsoft-Windows-AppModel-Runtime%4Admin.evtx,DESKTOP-M3M6D5D,08/05/2017 05:53:24 PM,4,Microsoft-Windows-AppModel-Runtime,70,/Windows/System32/winevt/Logs/Microsoft-Windows-AppModel-Runtime%4Admin.evtx
4313,Microsoft-Windows-AppXDeploymentServer%4Operational.evtx,DESKTOP-M3M6D5D,08/05/2017 06:24:08 PM,4,Microsoft-Windows-AppXDeployment-Server,439,/Windows/System32/winevt/Logs/Microsoft-Windows-AppXDeploymentServer%4Operational.evtx
6267,Microsoft-Windows-Store%4Operational.evtx,DESKTOP-M3M6D5D,08/05/2017 07:11:48 PM,5,Microsoft-Windows-Install-Agent,2001,/Windows/System32/winevt/Logs/Microsoft-Windows-Store%4Operational.evtx
3209,Microsoft-Windows-AppXDeploymentServer%4Operational.evtx,DESKTOP-M3M6D5D,08/05/2017 05:58:28 PM,4,Microsoft-Windows-AppXDeployment-Server,400,/Windows/System32/winevt/Logs/Microsoft-Windows-AppXDeploymentServer%4Operational.evtx
120,Microsoft-Client-Licensing-Platform%4Admin.evtx,DESKTOP-M3M6D5D,08/05/2017 05:52:24 PM,4,Microsoft-Client-Licensing-Platform,157,/Windows/System32/winevt/Logs/Microsoft-Client-Licensing-Platform%4Admin.evtx
4126,Microsoft-Windows-AppXDeploymentServer%4Operational.evtx,DESKTOP-M3M6D5D,08/05/2017 06:20:15 PM,5,Microsoft-Windows-AppXDeployment-Server,472,/Windows/System32/winevt/Logs/Microsoft-Windows-AppXDeploymentServer%4Operational.evtx
6632,Microsoft-Windows-Store%4Operational.evtx,DESKTOP-M3M6D5D,08/05/2017 07:46:35 PM,4,Microsoft-Windows-Store,8000,/Windows/System32/winevt/Logs/Microsoft-Windows-Store%4Operational.evtx
1580,Microsoft-Windows-Store%4Operational.evtx,DESKTOP-M3M6D5D,08/05/2017 06:15:04 PM,4,Microsoft-Windows-Install-Agent,2002,/Windows/System32/winevt/Logs/Microsoft-Windows-Store%4Operational.evtx
105,Microsoft-Windows-ApplicationResourceManagementSystem%4Operational.evtx,DESKTOP-M3M6D5D,08/05/2017 05:51:52 PM,4,Microsoft-Windows-ApplicationResourceManagementSystem,375,/Windows/System32/winevt/Logs/Microsoft-Windows-ApplicationResourceManagementSystem%4Operational.evtx
3226,Microsoft-Windows-Store%4Operational.evtx,DESKTOP-M3M6D5D,08/05/2017 06:19:37 PM,4,Microsoft-Windows-Install-Agent,2002,/Windows/System32/winevt/Logs/Microsoft-Windows-Store%4Operational.evtx
3322,Microsoft-Windows-AppXDeploymentServer%4Operational.evtx,DESKTOP-M3M6D5D,08/05/2017 05:58:33 PM,5,Microsoft-Windows-AppXDeployment-Server,8106,/Windows/System32/winevt/Logs/Microsoft-Windows-AppXDeploymentServer%4Operational.evtx
1270,Microsoft-Windows-Store%4Operational.evtx,DESKTOP-M3M6D5D,08/05/2017 06:13:39 PM,4,Microsoft-Windows-Install-Agent,2002,/Windows/System32/winevt/Logs/Microsoft-Windows-Store%4Operational.evtx
774,Microsoft-Windows-AppReadiness%4Operational.evtx,DESKTOP-M3M6D5D,08/05/2017 05:57:28 PM,4,Microsoft-Windows-AppReadiness,200,/Windows/System32/winevt/Logs/Microsoft-Windows-AppReadiness%4Operational.evtx
47,Microsoft-Windows-AppModel-Runtime%4Admin.evtx,DESKTOP-M3M6D5D,08/05/2017 05:53:24 PM,4,Microsoft-Windows-AppModel-Runtime,70,/Windows/System32/winevt/Logs/Microsoft-Windows-AppModel-Runtime%4Admin.evtx
6547,Microsoft-Windows-Store%4Operational.evtx,DESKTOP-M3M6D5D,08/05/2017 07:19:27 PM,4,Microsoft-Windows-Install-Agent,2002,/Windows/System32/winevt/Logs/Microsoft-Windows-Store%4Operational.evtx
340,Microsoft-Windows-AppReadiness%4Operational.evtx,DESKTOP-M3M6D5D,08/05/2017 05:53:37 PM,4,Microsoft-Windows-AppReadiness,314,/Windows/System32/winevt/Logs/Microsoft-Windows-AppReadiness%4Operational.evtx
373,Microsoft-Windows-Kernel-PnP%4Configuration.evtx,DESKTOP-M3M6D5D,08/05/2017 05:52:02 PM,4,Microsoft-Windows-Kernel-PnP,410,/Windows/System32/winevt/Logs/Microsoft-Windows-Kernel-PnP%4Configuration.evtx
3569,Microsoft-Windows-Store%4Operational.evtx,DESKTOP-M3M6D5D,08/05/2017 06:22:16 PM,4,Microsoft-Windows-Store,8001,/Windows/System32/winevt/Logs/Microsoft-Windows-Store%4Operational.evtx
4108,Microsoft-Windows-Store%4Operational.evtx,DESKTOP-M3M6D5D,08/05/2017 06:26:29 PM,4,Microsoft-Windows-Install-Agent,2002,/Windows/System32/winevt/Logs/Microsoft-Windows-Store%4Operational.evtx
38,Microsoft-Windows-Kernel-PnP%4Configuration.evtx,WIN-R1F8H6CSVA3,08/05/2017 08:48:55 PM,4,Microsoft-Windows-Kernel-PnP,400,/Windows/System32/winevt/Logs/Microsoft-Windows-Kernel-PnP%4Configuration.evtx
2442,Microsoft-Windows-Store%4Operational.evtx,DESKTOP-M3M6D5D,08/05/2017 06:16:41 PM,4,Microsoft-Windows-Install-Agent,2002,/Windows/System32/winevt/Logs/Microsoft-Windows-Store%4Operational.evtx
2054,Microsoft-Windows-Store%4Operational.evtx,DESKTOP-M3M6D5D,08/05/2017 06:16:15 PM,4,Microsoft-Windows-Install-Agent,2002,/Windows/System32/winevt/Logs/Microsoft-Windows-Store%4Operational.evtx
2752,Microsoft-Windows-Store%4Operational.evtx,DESKTOP-M3M6D5D,08/05/2017 06:17:05 PM,5,Microsoft-Windows-Store,8011,/Windows/System32/winevt/Logs/Microsoft-Windows-Store%4Operational.evtx
5,Microsoft-Windows-TaskScheduler%4Maintenance.evtx,DESKTOP-M3M6D5D,08/05/2017 05:56:05 PM,3,Microsoft-Windows-TaskScheduler,808,/Windows/System32/winevt/Logs/Microsoft-Windows-TaskScheduler%4Maintenance.evtx
16,Microsoft-Windows-CloudStore%4Operational.evtx,DESKTOP-M3M6D5D,08/05/2017 05:53:42 PM,4,Microsoft-Windows-CloudStore,2003,/Windows/System32/winevt/Logs/Microsoft-Windows-CloudStore%4Operational.evtx
4451,Microsoft-Windows-Store%4Operational.evtx,DESKTOP-M3M6D5D,08/05/2017 06:28:16 PM,5,Microsoft-Windows-Store,8011,/Windows/System32/winevt/Logs/Microsoft-Windows-Store%4Operational.evtx
4553,Microsoft-Windows-Store%4Operational.evtx,DESKTOP-M3M6D5D,08/05/2017 06:28:19 PM,4,Microsoft-Windows-Store,8001,/Windows/System32/winevt/Logs/Microsoft-Windows-Store%4Operational.evtx
4609,Microsoft-Windows-AppXDeploymentServer%4Operational.evtx,DESKTOP-M3M6D5D,08/05/2017 06:28:03 PM,4,Microsoft-Windows-AppXDeployment-Server,492,/Windows/System32/winevt/Logs/Microsoft-Windows-AppXDeploymentServer%4Operational.evtx
169,Microsoft-Windows-AppReadiness%4Operational.evtx,DESKTOP-M3M6D5D,08/05/2017 05:53:14 PM,4,Microsoft-Windows-AppReadiness,314,/Windows/System32/winevt/Logs/Microsoft-Windows-AppReadiness%4Operational.evtx
1071,Microsoft-Windows-AppxPackaging%4Operational.evtx,DESKTOP-M3M6D5D,08/05/2017 06:31:22 PM,3,Microsoft-Windows-AppxPackagingOM,216,/Windows/System32/winevt/Logs/Microsoft-Windows-AppxPackaging%4Operational.evtx
8,Microsoft-Windows-Windows Defender%4Operational.evtx,WIN-R1F8H6CSVA3,08/05/2017 08:49:43 PM,4,Microsoft-Windows-Windows Defender,2000,/Windows/System32/winevt/Logs/Microsoft-Windows-Windows Defender%4Operational.evtx
338,System.evtx,DESKTOP-M3M6D5D,08/05/2017 05:56:09 PM,4,Microsoft-Windows-Kernel-General,15,/Windows/System32/winevt/Logs/System.evtx
169,Microsoft-Windows-ApplicationResourceManagementSystem%4Operational.evtx,DESKTOP-M3M6D5D,08/05/2017 05:51:56 PM,4,Microsoft-Windows-ApplicationResourceManagementSystem,375,/Windows/System32/winevt/Logs/Microsoft-Windows-ApplicationResourceManagementSystem%4Operational.evtx
789,Microsoft-Windows-AppXDeploymentServer%4Operational.evtx,DESKTOP-M3M6D5D,08/05/2017 06:33:11 PM,5,Microsoft-Windows-AppXDeployment-Server,5507,/Windows/System32/winevt/Logs/Microsoft-Windows-AppXDeploymentServer%4Operational.evtx
1207,Microsoft-Windows-Store%4Operational.evtx,DESKTOP-M3M6D5D,08/05/2017 06:13:39 PM,4,Microsoft-Windows-Install-Agent,2002,/Windows/System32/winevt/Logs/Microsoft-Windows-Store%4Operational.evtx
106,Microsoft-Windows-CloudStore%4Operational.evtx,DESKTOP-M3M6D5D,08/05/2017 05:54:00 PM,4,Microsoft-Windows-CloudStore,2003,/Windows/System32/winevt/Logs/Microsoft-Windows-CloudStore%4Operational.evtx
2795,Microsoft-Windows-AppXDeploymentServer%4Operational.evtx,DESKTOP-M3M6D5D,08/05/2017 05:58:10 PM,5,Microsoft-Windows-AppXDeployment-Server,10001,/Windows/System32/winevt/Logs/Microsoft-Windows-AppXDeploymentServer%4Operational.evtx
81,Application.evtx,DESKTOP-M3M6D5D,08/05/2017 05:56:00 PM,4,VMTools,105,/Windows/System32/winevt/Logs/Application.evtx
3775,Microsoft-Windows-Store%4Operational.evtx,DESKTOP-M3M6D5D,08/05/2017 06:23:14 PM,5,Microsoft-Windows-Install-Agent,2001,/Windows/System32/winevt/Logs/Microsoft-Windows-Store%4Operational.evtx
4434,Microsoft-Windows-AppXDeploymentServer%4Operational.evtx,DESKTOP-M3M6D5D,08/05/2017 06:26:21 PM,5,Microsoft-Windows-AppXDeployment-Server,447,/Windows/System32/winevt/Logs/Microsoft-Windows-AppXDeploymentServer%4Operational.evtx
3225,Microsoft-Windows-AppXDeploymentServer%4Operational.evtx,DESKTOP-M3M6D5D,08/05/2017 05:58:30 PM,5,Microsoft-Windows-AppXDeployment-Server,10002,/Windows/System32/winevt/Logs/Microsoft-Windows-AppXDeploymentServer%4Operational.evtx
435,Security.evtx,DESKTOP-M3M6D5D,08/05/2017 06:18:55 PM,0,Microsoft-Windows-Security-Auditing,4672,/Windows/System32/winevt/Logs/Security.evtx
214,Microsoft-Windows-AppXDeploymentServer%4Operational.evtx,DESKTOP-M3M6D5D,08/05/2017 06:28:43 PM,4,Microsoft-Windows-AppXDeployment-Server,400,/Windows/System32/winevt/Logs/Microsoft-Windows-AppXDeploymentServer%4Operational.evtx
19,Microsoft-Windows-Windows Firewall With Advanced Security%4Firewall.evtx,DESKTOP-M3M6D5D,08/05/2017 05:53:12 PM,4,Microsoft-Windows-Windows Firewall With Advanced Security,2004,/Windows/System32/winevt/Logs/Microsoft-Windows-Windows Firewall With Advanced Security%4Firewall.evtx
22,Microsoft-Windows-Wcmsvc%4Operational.evtx,DESKTOP-M3M6D5D,08/05/2017 05:55:10 PM,4,Microsoft-Windows-Wcmsvc,4028,/Windows/System32/winevt/Logs/Microsoft-Windows-Wcmsvc%4Operational.evtx
6272,Microsoft-Windows-Store%4Operational.evtx,DESKTOP-M3M6D5D,08/05/2017 07:11:54 PM,4,Microsoft-Windows-Install-Agent,2002,/Windows/System32/winevt/Logs/Microsoft-Windows-Store%4Operational.evtx
386,Microsoft-Windows-Windows Firewall With Advanced Security%4Firewall.evtx,DESKTOP-M3M6D5D,08/05/2017 06:16:15 PM,4,Microsoft-Windows-Windows Firewall With Advanced Security,2004,/Windows/System32/winevt/Logs/Microsoft-Windows-Windows Firewall With Advanced Security%4Firewall.evtx
6102,Microsoft-Windows-Store%4Operational.evtx,DESKTOP-M3M6D5D,08/05/2017 07:11:08 PM,4,Microsoft-Windows-Store,8001,/Windows/System32/winevt/Logs/Microsoft-Windows-Store%4Operational.evtx
2387,Microsoft-Windows-AppXDeploymentServer%4Operational.evtx,DESKTOP-M3M6D5D,08/05/2017 05:58:01 PM,5,Microsoft-Windows-AppXDeployment-Server,317,/Windows/System32/winevt/Logs/Microsoft-Windows-AppXDeploymentServer%4Operational.evtx
3104,Microsoft-Windows-Store%4Operational.evtx,DESKTOP-M3M6D5D,08/05/2017 06:17:39 PM,4,Microsoft-Windows-Install-Agent,2002,/Windows/System32/winevt/Logs/Microsoft-Windows-Store%4Operational.evtx
726,Microsoft-Windows-Store%4Operational.evtx,DESKTOP-M3M6D5D,08/05/2017 05:52:29 PM,4,Microsoft-Windows-Store,8001,/Windows/System32/winevt/Logs/Microsoft-Windows-Store%4Operational.evtx
401,Microsoft-Windows-AppModel-Runtime%4Admin.evtx,DESKTOP-M3M6D5D,08/05/2017 05:58:41 PM,4,Microsoft-Windows-AppModel-Runtime,70,/Windows/System32/winevt/Logs/Microsoft-Windows-AppModel-Runtime%4Admin.evtx
2231,Microsoft-Windows-Store%4Operational.evtx,DESKTOP-M3M6D5D,08/05/2017 06:16:41 PM,4,Microsoft-Windows-Install-Agent,2002,/Windows/System32/winevt/Logs/Microsoft-Windows-Store%4Operational.evtx
40,Microsoft-Windows-TWinUI%4Operational.evtx,DESKTOP-M3M6D5D,08/05/2017 05:57:47 PM,4,Microsoft-Windows-Immersive-Shell,5950,/Windows/System32/winevt/Logs/Microsoft-Windows-TWinUI%4Operational.evtx
