4955,Microsoft-Windows-Store%4Operational.evtx,DESKTOP-M3M6D5D,08/05/2017 06:30:33 PM,5,Microsoft-Windows-Install-Agent,2001,/Windows/System32/winevt/Logs/Microsoft-Windows-Store%4Operational.evtx
170,Microsoft-Client-Licensing-Platform%4Admin.evtx,DESKTOP-M3M6D5D,08/05/2017 05:52:28 PM,4,Microsoft-Client-Licensing-Platform,159,/Windows/System32/winevt/Logs/Microsoft-Client-Licensing-Platform%4Admin.evtx
1193,Microsoft-Windows-AppxPackaging%4Operational.evtx,DESKTOP-M3M6D5D,08/05/2017 06:32:55 PM,3,Microsoft-Windows-AppxPackagingOM,216,/Windows/System32/winevt/Logs/Microsoft-Windows-AppxPackaging%4Operational.evtx
390,System.evtx,DESKTOP-M3M6D5D,08/05/2017 06:16:45 PM,4,Microsoft-Windows-WindowsUpdateClient,44,/Windows/System32/winevt/Logs/System.evtx
5144,Microsoft-Windows-Store%4Operational.evtx,DESKTOP-M3M6D5D,08/05/2017 06:31:18 PM,4,Microsoft-Windows-Store,8001,/Windows/System32/winevt/Logs/Microsoft-Windows-Store%4Operational.evtx
612,Microsoft-Windows-AppReadiness%4Operational.evtx,DESKTOP-M3M6D5D,08/05/2017 05:57:15 PM,4,Microsoft-Windows-AppReadiness,303,/Windows/System32/winevt/Logs/Microsoft-Windows-AppReadiness%4Operational.evtx
5237,Microsoft-Windows-Store%4Operational.evtx,DESKTOP-M3M6D5D,08/05/2017 06:31:31 PM,4,Microsoft-Windows-Store,8001,/Windows/System32/winevt/Logs/Microsoft-Windows-Store%4Operational.evtx
2799,Microsoft-Windows-Store%4Operational.evtx,DESKTOP-M3M6D5D,08/05/2017 06:17:06 PM,5,Microsoft-Windows-Store,8011,/Windows/System32/winevt/Logs/Microsoft-Windows-Store%4Operational.evtx
2163,Microsoft-Windows-Store%4Operational.evtx,DESKTOP-M3M6D5D,08/05/2017 06:16:41 PM,4,Microsoft-Windows-Install-Agent,2002,/Windows/System32/winevt/Logs/Microsoft-Windows-Store%4Operational.evtx
158,Microsoft-Windows-ApplicationResourceManagementSystem%4Operational.evtx,DESKTOP-M3M6D5D,08/05/2017 05:51:56 PM,4,Microsoft-Windows-ApplicationResourceManagementSystem,375,/Windows/System32/winevt/Logs/Microsoft-Windows-ApplicationResourceManagementSystem%4Operational.evtx
665,Microsoft-Windows-AppxPackaging%4Operational.evtx,DESKTOP-M3M6D5D,08/05/2017 06:22:11 PM,3,Microsoft-Windows-AppxPackagingOM,216,/Windows/System32/winevt/Logs/Microsoft-Windows-AppxPackaging%4Operational.evtx
117,Microsoft-Windows-AppReadiness%4Admin.evtx,DESKTOP-M3M6D5D,08/05/2017 05:56:21 PM,4,Microsoft-Windows-AppReadiness,209,/Windows/System32/winevt/Logs/Microsoft-Windows-AppReadiness%4Admin.evtx
3030,Microsoft-Windows-AppXDeploymentServer%4Operational.evtx,DESKTOP-M3M6D5D,08/05/2017 05:58:17 PM,5,Microsoft-Windows-AppXDeployment-Server,10002,/Windows/System32/winevt/Logs/Microsoft-Windows-AppXDeploymentServer%4Operational.evtx
2344,Microsoft-Windows-Store%4Operational.evtx,DESKTOP-M3M6D5D,08/05/2017 06:16:41 PM,4,Microsoft-Windows-Install-Agent,2002,/Windows/System32/winevt/Logs/Microsoft-Windows-Store%4Operational.evtx
79,Microsoft-Windows-CloudStore%4Operational.evtx,DESKTOP-M3M6D5D,08/05/2017 05:54:00 PM,4,Microsoft-Windows-CloudStore,2005,/Windows/System32/winevt/Logs/Microsoft-Windows-CloudStore%4Operational.evtx
41,Security.evtx,WIN-R1F8H6CSVA3,08/05/2017 08:49:09 PM,0,Microsoft-Windows-Security-Auditing,4624,/Windows/System32/winevt/Logs/Security.evtx
4091,Microsoft-Windows-Store%4Operational.evtx,DESKTOP-M3M6D5D,08/05/2017 06:26:29 PM,4,Microsoft-Windows-Install-Agent,2002,/Windows/System32/winevt/Logs/Microsoft-Windows-Store%4Operational.evtx
335,Microsoft-Windows-AppXDeploymentServer%4Operational.evtx,DESKTOP-M3M6D5D,08/05/2017 06:31:15 PM,4,Microsoft-Windows-AppXDeployment-Server,607,/Windows/System32/winevt/Logs/Microsoft-Windows-AppXDeploymentServer%4Operational.evtx
1612,Microsoft-Windows-AppXDeploymentServer%4Operational.evtx,DESKTOP-M3M6D5D,08/05/2017 05:53:36 PM,4,Microsoft-Windows-AppXDeployment-Server,613,/Windows/System32/winevt/Logs/Microsoft-Windows-AppXDeploymentServer%4Operational.evtx
217,Microsoft-Windows-GroupPolicy%4Operational.evtx,DESKTOP-M3M6D5D,08/05/2017 07:46:14 PM,4,Microsoft-Windows-GroupPolicy,5320,/Windows/System32/winevt/Logs/Microsoft-Windows-GroupPolicy%4Operational.evtx
4896,Microsoft-Windows-Store%4Operational.evtx,DESKTOP-M3M6D5D,08/05/2017 06:28:51 PM,2,Microsoft-Windows-Install-Agent,2004,/Windows/System32/winevt/Logs/Microsoft-Windows-Store%4Operational.evtx
2230,Microsoft-Windows-AppXDeploymentServer%4Operational.evtx,DESKTOP-M3M6D5D,08/05/2017 05:57:30 PM,5,Microsoft-Windows-AppXDeployment-Server,821,/Windows/System32/winevt/Logs/Microsoft-Windows-AppXDeploymentServer%4Operational.evtx
175,Microsoft-Windows-Shell-Core%4Operational.evtx,DESKTOP-M3M6D5D,08/05/2017 05:55:06 PM,4,Microsoft-Windows-Shell-Core,62170,/Windows/System32/winevt/Logs/Microsoft-Windows-Shell-Core%4Operational.evtx
14,Microsoft-Windows-Known Folders API Service.evtx,DESKTOP-M3M6D5D,08/05/2017 05:58:09 PM,3,Microsoft-Windows-KnownFolders,1002,/Windows/System32/winevt/Logs/Microsoft-Windows-Known Folders API Service.evtx
6,Microsoft-Windows-Storage-ClassPnP%4Operational.evtx,DESKTOP-M3M6D5D,08/05/2017 07:48:03 PM,2,Microsoft-Windows-StorDiag,504,/Windows/System32/winevt/Logs/Microsoft-Windows-Storage-ClassPnP%4Operational.evtx
171,Microsoft-Windows-GroupPolicy%4Operational.evtx,DESKTOP-M3M6D5D,08/05/2017 07:39:44 PM,4,Microsoft-Windows-GroupPolicy,5351,/Windows/System32/winevt/Logs/Microsoft-Windows-GroupPolicy%4Operational.evtx
253,Microsoft-Windows-Shell-Core%4AppDefaults.evtx,DESKTOP-M3M6D5D,08/05/2017 05:53:10 PM,4,Microsoft-Windows-Shell-Core,62443,/Windows/System32/winevt/Logs/Microsoft-Windows-Shell-Core%4AppDefaults.evtx
385,Microsoft-Windows-Kernel-PnP%4Configuration.evtx,DESKTOP-M3M6D5D,08/05/2017 05:54:31 PM,2,Microsoft-Windows-Kernel-PnP,411,/Windows/System32/winevt/Logs/Microsoft-Windows-Kernel-PnP%4Configuration.evtx
51,Microsoft-Windows-WMI-Activity%4Operational.evtx,DESKTOP-M3M6D5D,08/05/2017 05:53:06 PM,0,Microsoft-Windows-WMI-Activity,5857,/Windows/System32/winevt/Logs/Microsoft-Windows-WMI-Activity%4Operational.evtx
3531,Microsoft-Windows-AppXDeploymentServer%4Operational.evtx,DESKTOP-M3M6D5D,08/05/2017 06:14:35 PM,4,Microsoft-Windows-AppXDeployment-Server,613,/Windows/System32/winevt/Logs/Microsoft-Windows-AppXDeploymentServer%4Operational.evtx
1101,Microsoft-Windows-AppxPackaging%4Operational.evtx,DESKTOP-M3M6D5D,08/05/2017 06:31:34 PM,3,Microsoft-Windows-AppxPackagingOM,216,/Windows/System32/winevt/Logs/Microsoft-Windows-AppxPackaging%4Operational.evtx
1466,Microsoft-Windows-AppxPackaging%4Operational.evtx,DESKTOP-M3M6D5D,08/05/2017 07:18:53 PM,3,Microsoft-Windows-AppxPackagingOM,216,/Windows/System32/winevt/Logs/Microsoft-Windows-AppxPackaging%4Operational.evtx
4420,Microsoft-Windows-AppXDeploymentServer%4Operational.evtx,DESKTOP-M3M6D5D,08/05/2017 06:26:17 PM,5,Microsoft-Windows-AppXDeployment-Server,10002,/Windows/System32/winevt/Logs/Microsoft-Windows-AppXDeploymentServer%4Operational.evtx
357,Microsoft-Windows-AppModel-Runtime%4Admin.evtx,DESKTOP-M3M6D5D,08/05/2017 05:58:17 PM,4,Microsoft-Windows-AppModel-Runtime,39,/Windows/System32/winevt/Logs/Microsoft-Windows-AppModel-Runtime%4Admin.evtx
232,Microsoft-Windows-ApplicationResourceManagementSystem%4Operational.evtx,DESKTOP-M3M6D5D,08/05/2017 05:51:56 PM,4,Microsoft-Windows-ApplicationResourceManagementSystem,375,/Windows/System32/winevt/Logs/Microsoft-Windows-ApplicationResourceManagementSystem%4Operational.evtx
1796,Microsoft-Windows-Store%4Operational.evtx,DESKTOP-M3M6D5D,08/05/2017 06:16:04 PM,4,Microsoft-Windows-Install-Agent,2002,/Windows/System32/winevt/Logs/Microsoft-Windows-Store%4Operational.evtx
57,Microsoft-Windows-AppLocker%4MSI and Script.evtx,DESKTOP-M3M6D5D,08/05/2017 05:57:41 PM,3,Microsoft-Windows-AppLocker,8009,/Windows/System32/winevt/Logs/Microsoft-Windows-AppLocker%4MSI and Script.evtx
133,Microsoft-Windows-ApplicationResourceManagementSystem%4Operational.evtx,DESKTOP-M3M6D5D,08/05/2017 05:51:56 PM,4,Microsoft-Windows-ApplicationResourceManagementSystem,375,/Windows/System32/winevt/Logs/Microsoft-Windows-ApplicationResourceManagementSystem%4Operational.evtx
3809,Microsoft-Windows-Store%4Operational.evtx,DESKTOP-M3M6D5D,08/05/2017 06:24:09 PM,5,Microsoft-Windows-Install-Agent,2001,/Windows/System32/winevt/Logs/Microsoft-Windows-Store%4Operational.evtx
506,System.evtx,DESKTOP-M3M6D5D,08/05/2017 06:32:57 PM,4,Microsoft-Windows-WindowsUpdateClient,43,/Windows/System32/winevt/Logs/System.evtx
128,Microsoft-Windows-PushNotification-Platform%4Operational.evtx,DESKTOP-M3M6D5D,08/05/2017 05:57:13 PM,4,Microsoft-Windows-PushNotifications-Platform,1257,/Windows/System32/winevt/Logs/Microsoft-Windows-PushNotification-Platform%4Operational.evtx
1188,Microsoft-Windows-AppXDeploymentServer%4Operational.evtx,WIN-R1F8H6CSVA3,08/05/2017 08:50:41 PM,5,Microsoft-Windows-AppXDeployment-Server,540,/Windows/System32/winevt/Logs/Microsoft-Windows-AppXDeploymentServer%4Operational.evtx
426,Security.evtx,DESKTOP-M3M6D5D,08/05/2017 06:08:28 PM,0,Microsoft-Windows-Security-Auditing,4799,/Windows/System32/winevt/Logs/Security.evtx
498,Microsoft-Windows-Windows Firewall With Advanced Security%4Firewall.evtx,DESKTOP-M3M6D5D,08/05/2017 06:24:08 PM,4,Microsoft-Windows-Windows Firewall With Advanced Security,2006,/Windows/System32/winevt/Logs/Microsoft-Windows-Windows Firewall With Advanced Security%4Firewall.evtx
3147,Microsoft-Windows-AppXDeploymentServer%4Operational.evtx,DESKTOP-M3M6D5D,08/05/2017 05:58:24 PM,5,Microsoft-Windows-AppXDeployment-Server,822,/Windows/System32/winevt/Logs/Microsoft-Windows-AppXDeploymentServer%4Operational.evtx
174,Microsoft-Windows-Store%4Operational.evtx,DESKTOP-M3M6D5D,08/05/2017 05:52:21 PM,4,Microsoft-Windows-Store,8001,/Windows/System32/winevt/Logs/Microsoft-Windows-Store%4Operational.evtx
